[INFO] Scanning for projects...
[INFO] 
[INFO] -------------< com.africahr:leave-management-africahr-be >--------------
[INFO] Building leave-management-africahr-be 0.0.1-SNAPSHOT
[INFO]   from pom.xml
[INFO] --------------------------------[ jar ]---------------------------------
[INFO] 
[INFO] --- clean:3.3.2:clean (default-clean) @ leave-management-africahr-be ---
[INFO] Deleting /Users/apple/Documents/Projects/ist-africa/leave-management-africahr-be/target
[INFO] 
[INFO] >>> spring-boot:3.2.3:run (default-cli) > test-compile @ leave-management-africahr-be >>>
[INFO] 
[INFO] --- resources:3.3.1:resources (default-resources) @ leave-management-africahr-be ---
[INFO] Copying 1 resource from src/main/resources to target/classes
[INFO] Copying 3 resources from src/main/resources to target/classes
[INFO] 
[INFO] --- compiler:3.11.0:compile (default-compile) @ leave-management-africahr-be ---
[INFO] Changes detected - recompiling the module! :source
[INFO] Compiling 35 source files with javac [debug release 17] to target/classes
[WARNING] /Users/apple/Documents/Projects/ist-africa/leave-management-africahr-be/src/main/java/com/africahr/leave/config/SecurityConfig.java:[21,13] <C>apply(C) in org.springframework.security.config.annotation.AbstractConfiguredSecurityBuilder has been deprecated and marked for removal
[INFO] 
[INFO] --- resources:3.3.1:testResources (default-testResources) @ leave-management-africahr-be ---
[INFO] skip non existing resourceDirectory /Users/apple/Documents/Projects/ist-africa/leave-management-africahr-be/src/test/resources
[INFO] 
[INFO] --- compiler:3.11.0:testCompile (default-testCompile) @ leave-management-africahr-be ---
[INFO] No sources to compile
[INFO] 
[INFO] <<< spring-boot:3.2.3:run (default-cli) < test-compile @ leave-management-africahr-be <<<
[INFO] 
[INFO] 
[INFO] --- spring-boot:3.2.3:run (default-cli) @ leave-management-africahr-be ---
[INFO] Attaching agents: []

  .   ____          _            __ _ _
 /\\ / ___'_ __ _ _(_)_ __  __ _ \ \ \ \
( ( )\___ | '_ | '_| | '_ \/ _` | \ \ \ \
 \\/  ___)| |_)| | | | | || (_| |  ) ) ) )
  '  |____| .__|_| |_|_| |_\__, | / / / /
 =========|_|==============|___/=/_/_/_/
 :: Spring Boot ::                (v3.2.3)

2025-04-24T06:51:40.113+02:00  INFO 7233 --- [leave-management-africahr-be] [           main] c.a.leave.LeaveManagementApplication     : Starting LeaveManagementApplication using Java 17 with PID 7233 (/Users/apple/Documents/Projects/ist-africa/leave-management-africahr-be/target/classes started by apple in /Users/apple/Documents/Projects/ist-africa/leave-management-africahr-be)
2025-04-24T06:51:40.116+02:00  INFO 7233 --- [leave-management-africahr-be] [           main] c.a.leave.LeaveManagementApplication     : No active profile set, falling back to 1 default profile: "default"
2025-04-24T06:51:41.030+02:00  INFO 7233 --- [leave-management-africahr-be] [           main] .s.d.r.c.RepositoryConfigurationDelegate : Bootstrapping Spring Data JPA repositories in DEFAULT mode.
2025-04-24T06:51:41.254+02:00  INFO 7233 --- [leave-management-africahr-be] [           main] .s.d.r.c.RepositoryConfigurationDelegate : Finished Spring Data repository scanning in 197 ms. Found 5 JPA repository interfaces.
2025-04-24T06:51:41.878+02:00  INFO 7233 --- [leave-management-africahr-be] [           main] o.s.b.w.embedded.tomcat.TomcatWebServer  : Tomcat initialized with port 8081 (http)
2025-04-24T06:51:41.891+02:00  INFO 7233 --- [leave-management-africahr-be] [           main] o.apache.catalina.core.StandardService   : Starting service [Tomcat]
2025-04-24T06:51:41.892+02:00  INFO 7233 --- [leave-management-africahr-be] [           main] o.apache.catalina.core.StandardEngine    : Starting Servlet engine: [Apache Tomcat/10.1.19]
2025-04-24T06:51:41.958+02:00  INFO 7233 --- [leave-management-africahr-be] [           main] o.a.c.c.C.[Tomcat].[localhost].[/]       : Initializing Spring embedded WebApplicationContext
2025-04-24T06:51:41.959+02:00  INFO 7233 --- [leave-management-africahr-be] [           main] w.s.c.ServletWebServerApplicationContext : Root WebApplicationContext: initialization completed in 1803 ms
2025-04-24T06:51:42.160+02:00  INFO 7233 --- [leave-management-africahr-be] [           main] com.zaxxer.hikari.HikariDataSource       : HikariPool-1 - Starting...
2025-04-24T06:51:42.337+02:00  INFO 7233 --- [leave-management-africahr-be] [           main] com.zaxxer.hikari.pool.HikariPool        : HikariPool-1 - Added connection org.postgresql.jdbc.PgConnection@7caf1e5
2025-04-24T06:51:42.339+02:00  INFO 7233 --- [leave-management-africahr-be] [           main] com.zaxxer.hikari.HikariDataSource       : HikariPool-1 - Start completed.
2025-04-24T06:51:42.741+02:00  INFO 7233 --- [leave-management-africahr-be] [           main] liquibase.lockservice                    : Successfully acquired change log lock
2025-04-24T06:51:42.749+02:00  INFO 7233 --- [leave-management-africahr-be] [           main] liquibase.command                        : Dropping Database Objects in schema: leave_management.public
2025-04-24T06:51:43.008+02:00  INFO 7233 --- [leave-management-africahr-be] [           main] liquibase.database                       : Successfully deleted all supported object types in schema leave_management.public.
2025-04-24T06:51:43.016+02:00  WARN 7233 --- [leave-management-africahr-be] [           main] liquibase.lockservice                    : Failed to release change log lock
All objects dropped from postgres@jdbc:postgresql://localhost:5432/leave_management
2025-04-24T06:51:43.022+02:00  INFO 7233 --- [leave-management-africahr-be] [           main] liquibase.command                        : Command execution complete
2025-04-24T06:51:43.206+02:00  INFO 7233 --- [leave-management-africahr-be] [           main] liquibase.command                        : Command execution complete
2025-04-24T06:51:43.208+02:00  WARN 7233 --- [leave-management-africahr-be] [           main] ConfigServletWebServerApplicationContext : Exception encountered during context initialization - cancelling refresh attempt: org.springframework.beans.factory.BeanCreationException: Error creating bean with name 'liquibase' defined in class path resource [org/springframework/boot/autoconfigure/liquibase/LiquibaseAutoConfiguration$LiquibaseConfiguration.class]: liquibase.exception.ChangeLogParseException: liquibase.exception.SetupException: The file db/changelog/db/changelog/changes/001-initial-schema.xml was not found in the configured search path:
    - Spring classpath
More locations can be added with the 'searchPath' parameter.
2025-04-24T06:51:43.208+02:00  INFO 7233 --- [leave-management-africahr-be] [           main] com.zaxxer.hikari.HikariDataSource       : HikariPool-1 - Shutdown initiated...
2025-04-24T06:51:43.213+02:00  INFO 7233 --- [leave-management-africahr-be] [           main] com.zaxxer.hikari.HikariDataSource       : HikariPool-1 - Shutdown completed.
2025-04-24T06:51:43.217+02:00  INFO 7233 --- [leave-management-africahr-be] [           main] o.apache.catalina.core.StandardService   : Stopping service [Tomcat]
2025-04-24T06:51:43.237+02:00  INFO 7233 --- [leave-management-africahr-be] [           main] .s.b.a.l.ConditionEvaluationReportLogger : 

Error starting ApplicationContext. To display the condition evaluation report re-run your application with 'debug' enabled.
2025-04-24T06:51:43.279+02:00 ERROR 7233 --- [leave-management-africahr-be] [           main] o.s.boot.SpringApplication               : Application run failed

org.springframework.beans.factory.BeanCreationException: Error creating bean with name 'liquibase' defined in class path resource [org/springframework/boot/autoconfigure/liquibase/LiquibaseAutoConfiguration$LiquibaseConfiguration.class]: liquibase.exception.ChangeLogParseException: liquibase.exception.SetupException: The file db/changelog/db/changelog/changes/001-initial-schema.xml was not found in the configured search path:
    - Spring classpath
More locations can be added with the 'searchPath' parameter.
	at org.springframework.beans.factory.support.AbstractAutowireCapableBeanFactory.initializeBean(AbstractAutowireCapableBeanFactory.java:1786) ~[spring-beans-6.1.4.jar:6.1.4]
	at org.springframework.beans.factory.support.AbstractAutowireCapableBeanFactory.doCreateBean(AbstractAutowireCapableBeanFactory.java:600) ~[spring-beans-6.1.4.jar:6.1.4]
	at org.springframework.beans.factory.support.AbstractAutowireCapableBeanFactory.createBean(AbstractAutowireCapableBeanFactory.java:522) ~[spring-beans-6.1.4.jar:6.1.4]
	at org.springframework.beans.factory.support.AbstractBeanFactory.lambda$doGetBean$0(AbstractBeanFactory.java:325) ~[spring-beans-6.1.4.jar:6.1.4]
	at org.springframework.beans.factory.support.DefaultSingletonBeanRegistry.getSingleton(DefaultSingletonBeanRegistry.java:234) ~[spring-beans-6.1.4.jar:6.1.4]
	at org.springframework.beans.factory.support.AbstractBeanFactory.doGetBean(AbstractBeanFactory.java:323) ~[spring-beans-6.1.4.jar:6.1.4]
	at org.springframework.beans.factory.support.AbstractBeanFactory.getBean(AbstractBeanFactory.java:199) ~[spring-beans-6.1.4.jar:6.1.4]
	at org.springframework.beans.factory.support.AbstractBeanFactory.doGetBean(AbstractBeanFactory.java:312) ~[spring-beans-6.1.4.jar:6.1.4]
	at org.springframework.beans.factory.support.AbstractBeanFactory.getBean(AbstractBeanFactory.java:199) ~[spring-beans-6.1.4.jar:6.1.4]
	at org.springframework.context.support.AbstractApplicationContext.getBean(AbstractApplicationContext.java:1231) ~[spring-context-6.1.4.jar:6.1.4]
	at org.springframework.context.support.AbstractApplicationContext.finishBeanFactoryInitialization(AbstractApplicationContext.java:949) ~[spring-context-6.1.4.jar:6.1.4]
	at org.springframework.context.support.AbstractApplicationContext.refresh(AbstractApplicationContext.java:624) ~[spring-context-6.1.4.jar:6.1.4]
	at org.springframework.boot.web.servlet.context.ServletWebServerApplicationContext.refresh(ServletWebServerApplicationContext.java:146) ~[spring-boot-3.2.3.jar:3.2.3]
	at org.springframework.boot.SpringApplication.refresh(SpringApplication.java:754) ~[spring-boot-3.2.3.jar:3.2.3]
	at org.springframework.boot.SpringApplication.refreshContext(SpringApplication.java:456) ~[spring-boot-3.2.3.jar:3.2.3]
	at org.springframework.boot.SpringApplication.run(SpringApplication.java:334) ~[spring-boot-3.2.3.jar:3.2.3]
	at org.springframework.boot.SpringApplication.run(SpringApplication.java:1354) ~[spring-boot-3.2.3.jar:3.2.3]
	at org.springframework.boot.SpringApplication.run(SpringApplication.java:1343) ~[spring-boot-3.2.3.jar:3.2.3]
	at com.africahr.leave.LeaveManagementApplication.main(LeaveManagementApplication.java:11) ~[classes/:na]
Caused by: liquibase.exception.CommandExecutionException: liquibase.exception.ChangeLogParseException: liquibase.exception.SetupException: The file db/changelog/db/changelog/changes/001-initial-schema.xml was not found in the configured search path:
    - Spring classpath
More locations can be added with the 'searchPath' parameter.
	at liquibase.command.CommandScope.execute(CommandScope.java:237) ~[liquibase-core-4.24.0.jar:na]
	at liquibase.Liquibase.lambda$update$0(Liquibase.java:222) ~[liquibase-core-4.24.0.jar:na]
	at liquibase.Scope.lambda$child$0(Scope.java:184) ~[liquibase-core-4.24.0.jar:na]
	at liquibase.Scope.child(Scope.java:193) ~[liquibase-core-4.24.0.jar:na]
	at liquibase.Scope.child(Scope.java:183) ~[liquibase-core-4.24.0.jar:na]
	at liquibase.Scope.child(Scope.java:162) ~[liquibase-core-4.24.0.jar:na]
	at liquibase.Liquibase.runInScope(Liquibase.java:1371) ~[liquibase-core-4.24.0.jar:na]
	at liquibase.Liquibase.update(Liquibase.java:211) ~[liquibase-core-4.24.0.jar:na]
	at liquibase.Liquibase.update(Liquibase.java:193) ~[liquibase-core-4.24.0.jar:na]
	at liquibase.integration.spring.SpringLiquibase.performUpdate(SpringLiquibase.java:331) ~[liquibase-core-4.24.0.jar:na]
	at liquibase.integration.spring.SpringLiquibase.afterPropertiesSet(SpringLiquibase.java:286) ~[liquibase-core-4.24.0.jar:na]
	at org.springframework.beans.factory.support.AbstractAutowireCapableBeanFactory.invokeInitMethods(AbstractAutowireCapableBeanFactory.java:1833) ~[spring-beans-6.1.4.jar:6.1.4]
	at org.springframework.beans.factory.support.AbstractAutowireCapableBeanFactory.initializeBean(AbstractAutowireCapableBeanFactory.java:1782) ~[spring-beans-6.1.4.jar:6.1.4]
	... 18 common frames omitted
Caused by: liquibase.exception.ChangeLogParseException: liquibase.exception.SetupException: The file db/changelog/db/changelog/changes/001-initial-schema.xml was not found in the configured search path:
    - Spring classpath
More locations can be added with the 'searchPath' parameter.
	at liquibase.parser.core.xml.AbstractChangeLogParser.parse(AbstractChangeLogParser.java:25) ~[liquibase-core-4.24.0.jar:na]
	at liquibase.command.core.helpers.DatabaseChangelogCommandStep.lambda$getDatabaseChangeLog$0(DatabaseChangelogCommandStep.java:129) ~[liquibase-core-4.24.0.jar:na]
	at liquibase.Scope.child(Scope.java:193) ~[liquibase-core-4.24.0.jar:na]
	at liquibase.Scope.child(Scope.java:169) ~[liquibase-core-4.24.0.jar:na]
	at liquibase.command.core.helpers.DatabaseChangelogCommandStep.getDatabaseChangeLog(DatabaseChangelogCommandStep.java:128) ~[liquibase-core-4.24.0.jar:na]
	at liquibase.command.core.helpers.DatabaseChangelogCommandStep.run(DatabaseChangelogCommandStep.java:87) ~[liquibase-core-4.24.0.jar:na]
	at liquibase.command.CommandScope.execute(CommandScope.java:214) ~[liquibase-core-4.24.0.jar:na]
	... 30 common frames omitted
Caused by: liquibase.exception.SetupException: The file db/changelog/db/changelog/changes/001-initial-schema.xml was not found in the configured search path:
    - Spring classpath
More locations can be added with the 'searchPath' parameter.
	at liquibase.changelog.DatabaseChangeLog.handleChildNode(DatabaseChangeLog.java:462) ~[liquibase-core-4.24.0.jar:na]
	at liquibase.changelog.DatabaseChangeLog.load(DatabaseChangeLog.java:385) ~[liquibase-core-4.24.0.jar:na]
	at liquibase.parser.core.xml.AbstractChangeLogParser.parse(AbstractChangeLogParser.java:23) ~[liquibase-core-4.24.0.jar:na]
	... 36 common frames omitted
Caused by: liquibase.exception.ChangeLogParseException: The file db/changelog/db/changelog/changes/001-initial-schema.xml was not found in the configured search path:
    - Spring classpath
More locations can be added with the 'searchPath' parameter.
	at liquibase.changelog.DatabaseChangeLog.include(DatabaseChangeLog.java:936) ~[liquibase-core-4.24.0.jar:na]
	at liquibase.changelog.DatabaseChangeLog.handleChildNode(DatabaseChangeLog.java:452) ~[liquibase-core-4.24.0.jar:na]
	... 38 common frames omitted

[INFO] ------------------------------------------------------------------------
[INFO] BUILD FAILURE
[INFO] ------------------------------------------------------------------------
[INFO] Total time:  8.323 s
[INFO] Finished at: 2025-04-24T06:51:43+02:00
[INFO] ------------------------------------------------------------------------
[ERROR] Failed to execute goal org.springframework.boot:spring-boot-maven-plugin:3.2.3:run (default-cli) on project leave-management-africahr-be: Process terminated with exit code: 1 -> [Help 1]
[ERROR] 
[ERROR] To see the full stack trace of the errors, re-run Maven with the -e switch.
[ERROR] Re-run Maven using the -X switch to enable full debug logging.
[ERROR] 
[ERROR] For more information about the errors and possible solutions, please read the following articles:
[ERROR] [Help 1] http://cwiki.apache.org/confluence/display/MAVEN/MojoExecutionException
